2026-03-19 23:32:23 - account.py:10 - INFO - 开始请求 API
2026-03-19 23:32:23 - account.py:12 - INFO - API 请求成功
2026-03-19 23:32:23 - account.py:16 - INFO - API 响应数据: {"clicks": "0", "clicks_formatted": "0", "distance_formatted": "无", "distance_miles": "0", "download": "0", "download_formatted": "0.00MB", "keys": "0", "keys_formatted": "0", "ranks": {"rank_clicks": "0", "rank_clicks_formatted": "0th", "rank_distance": "0", "rank_distance_formatted": "0th", "rank_download": "0", "rank_download_formatted": "0th", "rank_keys": "0", "rank_keys_formatted": "0th", "rank_scrolls": "0", "rank_scrolls_formatted": "0th", "rank_upload": "0", "rank_upload_formatted": "0th", "rank_uptime": "0", "rank_uptime_formatted": "0th"}, "scrolls": "0", "scrolls_formatted": "0", "upload": "0", "upload_formatted": "0.00MB", "uptime": "0", "uptime_formatted": "<1 min"}
2026-03-19 23:32:23 - account.py:25 - INFO - Current keys: 0, current clicks: 0, rank in uptime: 0
2026-03-19 23:57:49 - account.py:10 - INFO - 开始请求 API
2026-03-19 23:57:49 - account.py:12 - INFO - API 请求成功
2026-03-19 23:57:49 - account.py:16 - INFO - API 响应数据: {"clicks": "0", "clicks_formatted": "0", "distance_formatted": "无", "distance_miles": "0", "download": "0", "download_formatted": "0.00MB", "keys": "0", "keys_formatted": "0", "ranks": {"rank_clicks": "0", "rank_clicks_formatted": "0th", "rank_distance": "0", "rank_distance_formatted": "0th", "rank_download": "0", "rank_download_formatted": "0th", "rank_keys": "0", "rank_keys_formatted": "0th", "rank_scrolls": "0", "rank_scrolls_formatted": "0th", "rank_upload": "0", "rank_upload_formatted": "0th", "rank_uptime": "0", "rank_uptime_formatted": "0th"}, "scrolls": "0", "scrolls_formatted": "0", "upload": "0", "upload_formatted": "0.00MB", "uptime": "0", "uptime_formatted": "<1 min"}
2026-03-19 23:57:49 - account.py:25 - INFO - Current keys: 0, current clicks: 0, rank in uptime: 0
2026-03-19 23:59:05 - account.py:10 - INFO - 开始请求 API
2026-03-19 23:59:05 - account.py:12 - INFO - API 请求成功
2026-03-19 23:59:05 - account.py:16 - INFO - API 响应数据: {"clicks": "0", "clicks_formatted": "0", "distance_formatted": "无", "distance_miles": "0", "download": "0", "download_formatted": "0.00MB", "keys": "0", "keys_formatted": "0", "ranks": {"rank_clicks": "0", "rank_clicks_formatted": "0th", "rank_distance": "0", "rank_distance_formatted": "0th", "rank_download": "0", "rank_download_formatted": "0th", "rank_keys": "0", "rank_keys_formatted": "0th", "rank_scrolls": "0", "rank_scrolls_formatted": "0th", "rank_upload": "0", "rank_upload_formatted": "0th", "rank_uptime": "0", "rank_uptime_formatted": "0th"}, "scrolls": "0", "scrolls_formatted": "0", "upload": "0", "upload_formatted": "0.00MB", "uptime": "0", "uptime_formatted": "<1 min"}
2026-03-19 23:59:05 - account.py:25 - INFO - Current keys: 0, current clicks: 0, rank in uptime: 0
2026-03-19 23:59:18 - account.py:10 - INFO - 开始请求 API
2026-03-19 23:59:18 - account.py:12 - INFO - API 请求成功
2026-03-19 23:59:18 - account.py:16 - INFO - API 响应数据: {"clicks": "0", "clicks_formatted": "0", "distance_formatted": "无", "distance_miles": "0", "download": "0", "download_formatted": "0.00MB", "keys": "0", "keys_formatted": "0", "ranks": {"rank_clicks": "0", "rank_clicks_formatted": "0th", "rank_distance": "0", "rank_distance_formatted": "0th", "rank_download": "0", "rank_download_formatted": "0th", "rank_keys": "0", "rank_keys_formatted": "0th", "rank_scrolls": "0", "rank_scrolls_formatted": "0th", "rank_upload": "0", "rank_upload_formatted": "0th", "rank_uptime": "0", "rank_uptime_formatted": "0th"}, "scrolls": "0", "scrolls_formatted": "0", "upload": "0", "upload_formatted": "0.00MB", "uptime": "0", "uptime_formatted": "<1 min"}
2026-03-19 23:59:18 - account.py:25 - INFO - Current keys: 0, current clicks: 0, rank in uptime: 0
2026-03-20 01:22:00 - account.py:10 - INFO - 开始请求 API
2026-03-20 01:22:00 - account.py:12 - INFO - API 请求成功
2026-03-20 01:22:00 - account.py:16 - INFO - API 响应数据: {"clicks": "1873", "clicks_formatted": "1,873", "distance_formatted": "99m", "distance_miles": "0.062", "download": "439", "download_formatted": "439.00MB", "keys": "3333", "keys_formatted": "3,333", "ranks": {"rank_clicks": "0", "rank_clicks_formatted": "0th", "rank_distance": "0", "rank_distance_formatted": "0th", "rank_download": "0", "rank_download_formatted": "0th", "rank_keys": "0", "rank_keys_formatted": "0th", "rank_scrolls": "0", "rank_scrolls_formatted": "0th", "rank_upload": "0", "rank_upload_formatted": "0th", "rank_uptime": "0", "rank_uptime_formatted": "0th"}, "scrolls": "1628", "scrolls_formatted": "1,628", "upload": "317", "upload_formatted": "317.00MB", "uptime": "7846", "uptime_formatted": "2h, 10m"}
2026-03-20 01:22:00 - account.py:25 - INFO - Current keys: 3333, current clicks: 1873, rank in uptime: 0
2026-03-20 01:22:12 - account.py:10 - INFO - 开始请求 API
2026-03-20 01:22:12 - account.py:12 - INFO - API 请求成功
2026-03-20 01:22:12 - account.py:16 - INFO - API 响应数据: {"clicks": "1873", "clicks_formatted": "1,873", "distance_formatted": "99m", "distance_miles": "0.062", "download": "439", "download_formatted": "439.00MB", "keys": "3333", "keys_formatted": "3,333", "ranks": {"rank_clicks": "0", "rank_clicks_formatted": "0th", "rank_distance": "0", "rank_distance_formatted": "0th", "rank_download": "0", "rank_download_formatted": "0th", "rank_keys": "0", "rank_keys_formatted": "0th", "rank_scrolls": "0", "rank_scrolls_formatted": "0th", "rank_upload": "0", "rank_upload_formatted": "0th", "rank_uptime": "0", "rank_uptime_formatted": "0th"}, "scrolls": "1628", "scrolls_formatted": "1,628", "upload": "317", "upload_formatted": "317.00MB", "uptime": "7846", "uptime_formatted": "2h, 10m"}
2026-03-20 01:22:12 - account.py:25 - INFO - Current keys: 3333, current clicks: 1873, rank in uptime: 0
2026-03-20 01:29:19 - account.py:10 - INFO - 开始请求 API
2026-03-20 01:29:19 - account.py:12 - INFO - API 请求成功
2026-03-20 01:29:19 - account.py:16 - INFO - API 响应数据: {"clicks": "1873", "clicks_formatted": "1,873", "distance_formatted": "99m", "distance_miles": "0.062", "download": "439", "download_formatted": "439.00MB", "keys": "3333", "keys_formatted": "3,333", "ranks": {"rank_clicks": "0", "rank_clicks_formatted": "0th", "rank_distance": "0", "rank_distance_formatted": "0th", "rank_download": "0", "rank_download_formatted": "0th", "rank_keys": "0", "rank_keys_formatted": "0th", "rank_scrolls": "0", "rank_scrolls_formatted": "0th", "rank_upload": "0", "rank_upload_formatted": "0th", "rank_uptime": "0", "rank_uptime_formatted": "0th"}, "scrolls": "1628", "scrolls_formatted": "1,628", "upload": "317", "upload_formatted": "317.00MB", "uptime": "7846", "uptime_formatted": "2h, 10m"}
2026-03-20 01:29:19 - account.py:25 - INFO - Current keys: 3333, current clicks: 1873, rank in uptime: 0
2026-03-20 01:29:42 - account.py:10 - INFO - 开始请求 API
2026-03-20 01:29:42 - account.py:12 - INFO - API 请求成功
2026-03-20 01:29:42 - account.py:16 - INFO - API 响应数据: {"clicks": "1873", "clicks_formatted": "1,873", "distance_formatted": "99m", "distance_miles": "0.062", "download": "439", "download_formatted": "439.00MB", "keys": "3333", "keys_formatted": "3,333", "ranks": {"rank_clicks": "0", "rank_clicks_formatted": "0th", "rank_distance": "0", "rank_distance_formatted": "0th", "rank_download": "0", "rank_download_formatted": "0th", "rank_keys": "0", "rank_keys_formatted": "0th", "rank_scrolls": "0", "rank_scrolls_formatted": "0th", "rank_upload": "0", "rank_upload_formatted": "0th", "rank_uptime": "0", "rank_uptime_formatted": "0th"}, "scrolls": "1628", "scrolls_formatted": "1,628", "upload": "317", "upload_formatted": "317.00MB", "uptime": "7846", "uptime_formatted": "2h, 10m"}
2026-03-20 01:29:42 - account.py:25 - INFO - Current keys: 3333, current clicks: 1873, rank in uptime: 0
2026-03-20 01:30:57 - account.py:14 - INFO - 开始请求 API
2026-03-20 01:30:57 - account.py:16 - INFO - API 请求成功
2026-03-20 01:30:57 - account.py:20 - INFO - API 响应数据: {"clicks": "1873", "clicks_formatted": "1,873", "distance_formatted": "99m", "distance_miles": "0.062", "download": "439", "download_formatted": "439.00MB", "keys": "3333", "keys_formatted": "3,333", "ranks": {"rank_clicks": "0", "rank_clicks_formatted": "0th", "rank_distance": "0", "rank_distance_formatted": "0th", "rank_download": "0", "rank_download_formatted": "0th", "rank_keys": "0", "rank_keys_formatted": "0th", "rank_scrolls": "0", "rank_scrolls_formatted": "0th", "rank_upload": "0", "rank_upload_formatted": "0th", "rank_uptime": "0", "rank_uptime_formatted": "0th"}, "scrolls": "1628", "scrolls_formatted": "1,628", "upload": "317", "upload_formatted": "317.00MB", "uptime": "7846", "uptime_formatted": "2h, 10m"}
2026-03-20 01:30:57 - account.py:29 - INFO - Current keys: 3333, current clicks: 1873, rank in uptime: 0
2026-03-20 01:31:23 - account.py:14 - INFO - 开始请求 API
2026-03-20 01:31:23 - account.py:16 - INFO - API 请求成功
2026-03-20 01:31:23 - account.py:20 - INFO - API 响应数据: {"clicks": "1873", "clicks_formatted": "1,873", "distance_formatted": "99m", "distance_miles": "0.062", "download": "439", "download_formatted": "439.00MB", "keys": "3333", "keys_formatted": "3,333", "ranks": {"rank_clicks": "0", "rank_clicks_formatted": "0th", "rank_distance": "0", "rank_distance_formatted": "0th", "rank_download": "0", "rank_download_formatted": "0th", "rank_keys": "0", "rank_keys_formatted": "0th", "rank_scrolls": "0", "rank_scrolls_formatted": "0th", "rank_upload": "0", "rank_upload_formatted": "0th", "rank_uptime": "0", "rank_uptime_formatted": "0th"}, "scrolls": "1628", "scrolls_formatted": "1,628", "upload": "317", "upload_formatted": "317.00MB", "uptime": "7846", "uptime_formatted": "2h, 10m"}
2026-03-20 01:31:23 - account.py:29 - INFO - Current keys: 3333, current clicks: 1873, rank in uptime: 0
2026-03-20 01:31:29 - account.py:14 - INFO - 开始请求 API
2026-03-20 01:31:29 - account.py:16 - INFO - API 请求成功
2026-03-20 01:31:29 - account.py:20 - INFO - API 响应数据: {"clicks": "1873", "clicks_formatted": "1,873", "distance_formatted": "99m", "distance_miles": "0.062", "download": "439", "download_formatted": "439.00MB", "keys": "3333", "keys_formatted": "3,333", "ranks": {"rank_clicks": "0", "rank_clicks_formatted": "0th", "rank_distance": "0", "rank_distance_formatted": "0th", "rank_download": "0", "rank_download_formatted": "0th", "rank_keys": "0", "rank_keys_formatted": "0th", "rank_scrolls": "0", "rank_scrolls_formatted": "0th", "rank_upload": "0", "rank_upload_formatted": "0th", "rank_uptime": "0", "rank_uptime_formatted": "0th"}, "scrolls": "1628", "scrolls_formatted": "1,628", "upload": "317", "upload_formatted": "317.00MB", "uptime": "7846", "uptime_formatted": "2h, 10m"}
2026-03-20 01:31:29 - account.py:29 - INFO - Current keys: 3333, current clicks: 1873, rank in uptime: 0
2026-03-20 01:33:36 - account.py:14 - INFO - 开始请求 API
2026-03-20 01:33:36 - account.py:16 - INFO - API 请求成功
2026-03-20 01:33:36 - account.py:20 - INFO - API 响应数据: {"clicks": "1873", "clicks_formatted": "1,873", "distance_formatted": "99m", "distance_miles": "0.062", "download": "439", "download_formatted": "439.00MB", "keys": "3333", "keys_formatted": "3,333", "ranks": {"rank_clicks": "0", "rank_clicks_formatted": "0th", "rank_distance": "0", "rank_distance_formatted": "0th", "rank_download": "0", "rank_download_formatted": "0th", "rank_keys": "0", "rank_keys_formatted": "0th", "rank_scrolls": "0", "rank_scrolls_formatted": "0th", "rank_upload": "0", "rank_upload_formatted": "0th", "rank_uptime": "0", "rank_uptime_formatted": "0th"}, "scrolls": "1628", "scrolls_formatted": "1,628", "upload": "317", "upload_formatted": "317.00MB", "uptime": "7846", "uptime_formatted": "2h, 10m"}
2026-03-20 01:33:36 - account.py:29 - INFO - Current keys: 3333, current clicks: 1873, rank in uptime: 0
2026-03-20 01:33:38 - account.py:14 - INFO - 开始请求 API
2026-03-20 01:33:38 - account.py:16 - INFO - API 请求成功
2026-03-20 01:33:38 - account.py:20 - INFO - API 响应数据: {"clicks": "1873", "clicks_formatted": "1,873", "distance_formatted": "99m", "distance_miles": "0.062", "download": "439", "download_formatted": "439.00MB", "keys": "3333", "keys_formatted": "3,333", "ranks": {"rank_clicks": "0", "rank_clicks_formatted": "0th", "rank_distance": "0", "rank_distance_formatted": "0th", "rank_download": "0", "rank_download_formatted": "0th", "rank_keys": "0", "rank_keys_formatted": "0th", "rank_scrolls": "0", "rank_scrolls_formatted": "0th", "rank_upload": "0", "rank_upload_formatted": "0th", "rank_uptime": "0", "rank_uptime_formatted": "0th"}, "scrolls": "1628", "scrolls_formatted": "1,628", "upload": "317", "upload_formatted": "317.00MB", "uptime": "7846", "uptime_formatted": "2h, 10m"}
2026-03-20 01:33:38 - account.py:29 - INFO - Current keys: 3333, current clicks: 1873, rank in uptime: 0
2026-03-20 01:33:39 - account.py:14 - INFO - 开始请求 API
2026-03-20 01:33:39 - account.py:16 - INFO - API 请求成功
2026-03-20 01:33:39 - account.py:20 - INFO - API 响应数据: {"clicks": "1873", "clicks_formatted": "1,873", "distance_formatted": "99m", "distance_miles": "0.062", "download": "439", "download_formatted": "439.00MB", "keys": "3333", "keys_formatted": "3,333", "ranks": {"rank_clicks": "0", "rank_clicks_formatted": "0th", "rank_distance": "0", "rank_distance_formatted": "0th", "rank_download": "0", "rank_download_formatted": "0th", "rank_keys": "0", "rank_keys_formatted": "0th", "rank_scrolls": "0", "rank_scrolls_formatted": "0th", "rank_upload": "0", "rank_upload_formatted": "0th", "rank_uptime": "0", "rank_uptime_formatted": "0th"}, "scrolls": "1628", "scrolls_formatted": "1,628", "upload": "317", "upload_formatted": "317.00MB", "uptime": "7846", "uptime_formatted": "2h, 10m"}
2026-03-20 01:33:39 - account.py:29 - INFO - Current keys: 3333, current clicks: 1873, rank in uptime: 0
2026-03-20 01:33:40 - account.py:14 - INFO - 开始请求 API
2026-03-20 01:33:40 - account.py:16 - INFO - API 请求成功
2026-03-20 01:33:40 - account.py:20 - INFO - API 响应数据: {"clicks": "1873", "clicks_formatted": "1,873", "distance_formatted": "99m", "distance_miles": "0.062", "download": "439", "download_formatted": "439.00MB", "keys": "3333", "keys_formatted": "3,333", "ranks": {"rank_clicks": "0", "rank_clicks_formatted": "0th", "rank_distance": "0", "rank_distance_formatted": "0th", "rank_download": "0", "rank_download_formatted": "0th", "rank_keys": "0", "rank_keys_formatted": "0th", "rank_scrolls": "0", "rank_scrolls_formatted": "0th", "rank_upload": "0", "rank_upload_formatted": "0th", "rank_uptime": "0", "rank_uptime_formatted": "0th"}, "scrolls": "1628", "scrolls_formatted": "1,628", "upload": "317", "upload_formatted": "317.00MB", "uptime": "7846", "uptime_formatted": "2h, 10m"}
2026-03-20 01:33:40 - account.py:29 - INFO - Current keys: 3333, current clicks: 1873, rank in uptime: 0
2026-03-20 01:33:40 - account.py:14 - INFO - 开始请求 API
2026-03-20 01:33:40 - account.py:16 - INFO - API 请求成功
2026-03-20 01:33:40 - account.py:20 - INFO - API 响应数据: {"clicks": "1873", "clicks_formatted": "1,873", "distance_formatted": "99m", "distance_miles": "0.062", "download": "439", "download_formatted": "439.00MB", "keys": "3333", "keys_formatted": "3,333", "ranks": {"rank_clicks": "0", "rank_clicks_formatted": "0th", "rank_distance": "0", "rank_distance_formatted": "0th", "rank_download": "0", "rank_download_formatted": "0th", "rank_keys": "0", "rank_keys_formatted": "0th", "rank_scrolls": "0", "rank_scrolls_formatted": "0th", "rank_upload": "0", "rank_upload_formatted": "0th", "rank_uptime": "0", "rank_uptime_formatted": "0th"}, "scrolls": "1628", "scrolls_formatted": "1,628", "upload": "317", "upload_formatted": "317.00MB", "uptime": "7846", "uptime_formatted": "2h, 10m"}
2026-03-20 01:33:40 - account.py:29 - INFO - Current keys: 3333, current clicks: 1873, rank in uptime: 0
2026-03-20 01:33:40 - account.py:14 - INFO - 开始请求 API
2026-03-20 01:33:40 - account.py:16 - INFO - API 请求成功
2026-03-20 01:33:40 - account.py:20 - INFO - API 响应数据: {"clicks": "1873", "clicks_formatted": "1,873", "distance_formatted": "99m", "distance_miles": "0.062", "download": "439", "download_formatted": "439.00MB", "keys": "3333", "keys_formatted": "3,333", "ranks": {"rank_clicks": "0", "rank_clicks_formatted": "0th", "rank_distance": "0", "rank_distance_formatted": "0th", "rank_download": "0", "rank_download_formatted": "0th", "rank_keys": "0", "rank_keys_formatted": "0th", "rank_scrolls": "0", "rank_scrolls_formatted": "0th", "rank_upload": "0", "rank_upload_formatted": "0th", "rank_uptime": "0", "rank_uptime_formatted": "0th"}, "scrolls": "1628", "scrolls_formatted": "1,628", "upload": "317", "upload_formatted": "317.00MB", "uptime": "7846", "uptime_formatted": "2h, 10m"}
2026-03-20 01:33:40 - account.py:29 - INFO - Current keys: 3333, current clicks: 1873, rank in uptime: 0
2026-03-20 01:33:40 - account.py:14 - INFO - 开始请求 API
2026-03-20 01:33:40 - account.py:16 - INFO - API 请求成功
2026-03-20 01:33:40 - account.py:20 - INFO - API 响应数据: {"clicks": "1873", "clicks_formatted": "1,873", "distance_formatted": "99m", "distance_miles": "0.062", "download": "439", "download_formatted": "439.00MB", "keys": "3333", "keys_formatted": "3,333", "ranks": {"rank_clicks": "0", "rank_clicks_formatted": "0th", "rank_distance": "0", "rank_distance_formatted": "0th", "rank_download": "0", "rank_download_formatted": "0th", "rank_keys": "0", "rank_keys_formatted": "0th", "rank_scrolls": "0", "rank_scrolls_formatted": "0th", "rank_upload": "0", "rank_upload_formatted": "0th", "rank_uptime": "0", "rank_uptime_formatted": "0th"}, "scrolls": "1628", "scrolls_formatted": "1,628", "upload": "317", "upload_formatted": "317.00MB", "uptime": "7846", "uptime_formatted": "2h, 10m"}
2026-03-20 01:33:40 - account.py:29 - INFO - Current keys: 3333, current clicks: 1873, rank in uptime: 0
2026-03-20 01:33:41 - account.py:14 - INFO - 开始请求 API
2026-03-20 01:33:41 - account.py:16 - INFO - API 请求成功
2026-03-20 01:33:41 - account.py:20 - INFO - API 响应数据: {"clicks": "1873", "clicks_formatted": "1,873", "distance_formatted": "99m", "distance_miles": "0.062", "download": "439", "download_formatted": "439.00MB", "keys": "3333", "keys_formatted": "3,333", "ranks": {"rank_clicks": "0", "rank_clicks_formatted": "0th", "rank_distance": "0", "rank_distance_formatted": "0th", "rank_download": "0", "rank_download_formatted": "0th", "rank_keys": "0", "rank_keys_formatted": "0th", "rank_scrolls": "0", "rank_scrolls_formatted": "0th", "rank_upload": "0", "rank_upload_formatted": "0th", "rank_uptime": "0", "rank_uptime_formatted": "0th"}, "scrolls": "1628", "scrolls_formatted": "1,628", "upload": "317", "upload_formatted": "317.00MB", "uptime": "7846", "uptime_formatted": "2h, 10m"}
2026-03-20 01:33:41 - account.py:29 - INFO - Current keys: 3333, current clicks: 1873, rank in uptime: 0
2026-03-20 01:33:42 - account.py:14 - INFO - 开始请求 API
2026-03-20 01:33:42 - account.py:16 - INFO - API 请求成功
2026-03-20 01:33:42 - account.py:20 - INFO - API 响应数据: {"clicks": "1873", "clicks_formatted": "1,873", "distance_formatted": "99m", "distance_miles": "0.062", "download": "439", "download_formatted": "439.00MB", "keys": "3333", "keys_formatted": "3,333", "ranks": {"rank_clicks": "0", "rank_clicks_formatted": "0th", "rank_distance": "0", "rank_distance_formatted": "0th", "rank_download": "0", "rank_download_formatted": "0th", "rank_keys": "0", "rank_keys_formatted": "0th", "rank_scrolls": "0", "rank_scrolls_formatted": "0th", "rank_upload": "0", "rank_upload_formatted": "0th", "rank_uptime": "0", "rank_uptime_formatted": "0th"}, "scrolls": "1628", "scrolls_formatted": "1,628", "upload": "317", "upload_formatted": "317.00MB", "uptime": "7846", "uptime_formatted": "2h, 10m"}
2026-03-20 01:33:42 - account.py:29 - INFO - Current keys: 3333, current clicks: 1873, rank in uptime: 0
2026-03-20 01:33:43 - account.py:14 - INFO - 开始请求 API
2026-03-20 01:33:43 - account.py:16 - INFO - API 请求成功
2026-03-20 01:33:43 - account.py:20 - INFO - API 响应数据: {"clicks": "1873", "clicks_formatted": "1,873", "distance_formatted": "99m", "distance_miles": "0.062", "download": "439", "download_formatted": "439.00MB", "keys": "3333", "keys_formatted": "3,333", "ranks": {"rank_clicks": "0", "rank_clicks_formatted": "0th", "rank_distance": "0", "rank_distance_formatted": "0th", "rank_download": "0", "rank_download_formatted": "0th", "rank_keys": "0", "rank_keys_formatted": "0th", "rank_scrolls": "0", "rank_scrolls_formatted": "0th", "rank_upload": "0", "rank_upload_formatted": "0th", "rank_uptime": "0", "rank_uptime_formatted": "0th"}, "scrolls": "1628", "scrolls_formatted": "1,628", "upload": "317", "upload_formatted": "317.00MB", "uptime": "7846", "uptime_formatted": "2h, 10m"}
2026-03-20 01:33:43 - account.py:29 - INFO - Current keys: 3333, current clicks: 1873, rank in uptime: 0
2026-03-20 01:33:44 - account.py:14 - INFO - 开始请求 API
2026-03-20 01:33:44 - account.py:16 - INFO - API 请求成功
2026-03-20 01:33:44 - account.py:20 - INFO - API 响应数据: {"clicks": "1873", "clicks_formatted": "1,873", "distance_formatted": "99m", "distance_miles": "0.062", "download": "439", "download_formatted": "439.00MB", "keys": "3333", "keys_formatted": "3,333", "ranks": {"rank_clicks": "0", "rank_clicks_formatted": "0th", "rank_distance": "0", "rank_distance_formatted": "0th", "rank_download": "0", "rank_download_formatted": "0th", "rank_keys": "0", "rank_keys_formatted": "0th", "rank_scrolls": "0", "rank_scrolls_formatted": "0th", "rank_upload": "0", "rank_upload_formatted": "0th", "rank_uptime": "0", "rank_uptime_formatted": "0th"}, "scrolls": "1628", "scrolls_formatted": "1,628", "upload": "317", "upload_formatted": "317.00MB", "uptime": "7846", "uptime_formatted": "2h, 10m"}
2026-03-20 01:33:44 - account.py:29 - INFO - Current keys: 3333, current clicks: 1873, rank in uptime: 0
2026-03-20 01:33:45 - account.py:14 - INFO - 开始请求 API
2026-03-20 01:33:45 - account.py:16 - INFO - API 请求成功
2026-03-20 01:33:45 - account.py:20 - INFO - API 响应数据: {"clicks": "1873", "clicks_formatted": "1,873", "distance_formatted": "99m", "distance_miles": "0.062", "download": "439", "download_formatted": "439.00MB", "keys": "3333", "keys_formatted": "3,333", "ranks": {"rank_clicks": "0", "rank_clicks_formatted": "0th", "rank_distance": "0", "rank_distance_formatted": "0th", "rank_download": "0", "rank_download_formatted": "0th", "rank_keys": "0", "rank_keys_formatted": "0th", "rank_scrolls": "0", "rank_scrolls_formatted": "0th", "rank_upload": "0", "rank_upload_formatted": "0th", "rank_uptime": "0", "rank_uptime_formatted": "0th"}, "scrolls": "1628", "scrolls_formatted": "1,628", "upload": "317", "upload_formatted": "317.00MB", "uptime": "7846", "uptime_formatted": "2h, 10m"}
2026-03-20 01:33:45 - account.py:29 - INFO - Current keys: 3333, current clicks: 1873, rank in uptime: 0
2026-03-20 01:33:45 - account.py:14 - INFO - 开始请求 API
2026-03-20 01:33:45 - account.py:16 - INFO - API 请求成功
2026-03-20 01:33:45 - account.py:20 - INFO - API 响应数据: {"clicks": "1873", "clicks_formatted": "1,873", "distance_formatted": "99m", "distance_miles": "0.062", "download": "439", "download_formatted": "439.00MB", "keys": "3333", "keys_formatted": "3,333", "ranks": {"rank_clicks": "0", "rank_clicks_formatted": "0th", "rank_distance": "0", "rank_distance_formatted": "0th", "rank_download": "0", "rank_download_formatted": "0th", "rank_keys": "0", "rank_keys_formatted": "0th", "rank_scrolls": "0", "rank_scrolls_formatted": "0th", "rank_upload": "0", "rank_upload_formatted": "0th", "rank_uptime": "0", "rank_uptime_formatted": "0th"}, "scrolls": "1628", "scrolls_formatted": "1,628", "upload": "317", "upload_formatted": "317.00MB", "uptime": "7846", "uptime_formatted": "2h, 10m"}
2026-03-20 01:33:45 - account.py:29 - INFO - Current keys: 3333, current clicks: 1873, rank in uptime: 0
2026-03-20 01:33:46 - account.py:14 - INFO - 开始请求 API
2026-03-20 01:33:46 - account.py:16 - INFO - API 请求成功
2026-03-20 01:33:46 - account.py:20 - INFO - API 响应数据: {"clicks": "1873", "clicks_formatted": "1,873", "distance_formatted": "99m", "distance_miles": "0.062", "download": "439", "download_formatted": "439.00MB", "keys": "3333", "keys_formatted": "3,333", "ranks": {"rank_clicks": "0", "rank_clicks_formatted": "0th", "rank_distance": "0", "rank_distance_formatted": "0th", "rank_download": "0", "rank_download_formatted": "0th", "rank_keys": "0", "rank_keys_formatted": "0th", "rank_scrolls": "0", "rank_scrolls_formatted": "0th", "rank_upload": "0", "rank_upload_formatted": "0th", "rank_uptime": "0", "rank_uptime_formatted": "0th"}, "scrolls": "1628", "scrolls_formatted": "1,628", "upload": "317", "upload_formatted": "317.00MB", "uptime": "7846", "uptime_formatted": "2h, 10m"}
2026-03-20 01:33:46 - account.py:29 - INFO - Current keys: 3333, current clicks: 1873, rank in uptime: 0
2026-03-20 01:36:18 - account.py:10 - INFO - 开始请求 API
2026-03-20 01:36:18 - account.py:12 - INFO - API 请求成功
2026-03-20 01:36:18 - account.py:16 - INFO - API 响应数据: {"clicks": "1873", "clicks_formatted": "1,873", "distance_formatted": "99m", "distance_miles": "0.062", "download": "439", "download_formatted": "439.00MB", "keys": "3333", "keys_formatted": "3,333", "ranks": {"rank_clicks": "0", "rank_clicks_formatted": "0th", "rank_distance": "0", "rank_distance_formatted": "0th", "rank_download": "0", "rank_download_formatted": "0th", "rank_keys": "0", "rank_keys_formatted": "0th", "rank_scrolls": "0", "rank_scrolls_formatted": "0th", "rank_upload": "0", "rank_upload_formatted": "0th", "rank_uptime": "0", "rank_uptime_formatted": "0th"}, "scrolls": "1628", "scrolls_formatted": "1,628", "upload": "317", "upload_formatted": "317.00MB", "uptime": "7846", "uptime_formatted": "2h, 10m"}
2026-03-20 01:36:18 - account.py:25 - INFO - Current keys: 3333, current clicks: 1873, rank in uptime: 0
2026-03-20 01:36:21 - account.py:10 - INFO - 开始请求 API
2026-03-20 01:36:21 - account.py:12 - INFO - API 请求成功
2026-03-20 01:36:21 - account.py:16 - INFO - API 响应数据: {"clicks": "1873", "clicks_formatted": "1,873", "distance_formatted": "99m", "distance_miles": "0.062", "download": "439", "download_formatted": "439.00MB", "keys": "3333", "keys_formatted": "3,333", "ranks": {"rank_clicks": "0", "rank_clicks_formatted": "0th", "rank_distance": "0", "rank_distance_formatted": "0th", "rank_download": "0", "rank_download_formatted": "0th", "rank_keys": "0", "rank_keys_formatted": "0th", "rank_scrolls": "0", "rank_scrolls_formatted": "0th", "rank_upload": "0", "rank_upload_formatted": "0th", "rank_uptime": "0", "rank_uptime_formatted": "0th"}, "scrolls": "1628", "scrolls_formatted": "1,628", "upload": "317", "upload_formatted": "317.00MB", "uptime": "7846", "uptime_formatted": "2h, 10m"}
2026-03-20 01:36:21 - account.py:25 - INFO - Current keys: 3333, current clicks: 1873, rank in uptime: 0
2026-03-20 01:36:22 - account.py:10 - INFO - 开始请求 API
2026-03-20 01:36:22 - account.py:12 - INFO - API 请求成功
2026-03-20 01:36:22 - account.py:16 - INFO - API 响应数据: {"clicks": "1873", "clicks_formatted": "1,873", "distance_formatted": "99m", "distance_miles": "0.062", "download": "439", "download_formatted": "439.00MB", "keys": "3333", "keys_formatted": "3,333", "ranks": {"rank_clicks": "0", "rank_clicks_formatted": "0th", "rank_distance": "0", "rank_distance_formatted": "0th", "rank_download": "0", "rank_download_formatted": "0th", "rank_keys": "0", "rank_keys_formatted": "0th", "rank_scrolls": "0", "rank_scrolls_formatted": "0th", "rank_upload": "0", "rank_upload_formatted": "0th", "rank_uptime": "0", "rank_uptime_formatted": "0th"}, "scrolls": "1628", "scrolls_formatted": "1,628", "upload": "317", "upload_formatted": "317.00MB", "uptime": "7846", "uptime_formatted": "2h, 10m"}
2026-03-20 01:36:22 - account.py:25 - INFO - Current keys: 3333, current clicks: 1873, rank in uptime: 0
2026-03-20 01:37:18 - account.py:10 - INFO - 开始请求 API
2026-03-20 01:37:18 - account.py:12 - INFO - API 请求成功
2026-03-20 01:37:18 - account.py:16 - INFO - API 响应数据: {"clicks": "1873", "clicks_formatted": "1,873", "distance_formatted": "99m", "distance_miles": "0.062", "download": "439", "download_formatted": "439.00MB", "keys": "3333", "keys_formatted": "3,333", "ranks": {"rank_clicks": "0", "rank_clicks_formatted": "0th", "rank_distance": "0", "rank_distance_formatted": "0th", "rank_download": "0", "rank_download_formatted": "0th", "rank_keys": "0", "rank_keys_formatted": "0th", "rank_scrolls": "0", "rank_scrolls_formatted": "0th", "rank_upload": "0", "rank_upload_formatted": "0th", "rank_uptime": "0", "rank_uptime_formatted": "0th"}, "scrolls": "1628", "scrolls_formatted": "1,628", "upload": "317", "upload_formatted": "317.00MB", "uptime": "7846", "uptime_formatted": "2h, 10m"}
2026-03-20 01:37:18 - account.py:25 - INFO - Current keys: 3333, current clicks: 1873, rank in uptime: 0
2026-03-20 01:37:19 - account.py:10 - INFO - 开始请求 API
2026-03-20 01:37:19 - account.py:12 - INFO - API 请求成功
2026-03-20 01:37:19 - account.py:16 - INFO - API 响应数据: {"clicks": "1873", "clicks_formatted": "1,873", "distance_formatted": "99m", "distance_miles": "0.062", "download": "439", "download_formatted": "439.00MB", "keys": "3333", "keys_formatted": "3,333", "ranks": {"rank_clicks": "0", "rank_clicks_formatted": "0th", "rank_distance": "0", "rank_distance_formatted": "0th", "rank_download": "0", "rank_download_formatted": "0th", "rank_keys": "0", "rank_keys_formatted": "0th", "rank_scrolls": "0", "rank_scrolls_formatted": "0th", "rank_upload": "0", "rank_upload_formatted": "0th", "rank_uptime": "0", "rank_uptime_formatted": "0th"}, "scrolls": "1628", "scrolls_formatted": "1,628", "upload": "317", "upload_formatted": "317.00MB", "uptime": "7846", "uptime_formatted": "2h, 10m"}
2026-03-20 01:37:19 - account.py:25 - INFO - Current keys: 3333, current clicks: 1873, rank in uptime: 0
2026-03-20 01:37:20 - account.py:10 - INFO - 开始请求 API
2026-03-20 01:37:20 - account.py:12 - INFO - API 请求成功
2026-03-20 01:37:20 - account.py:16 - INFO - API 响应数据: {"clicks": "1873", "clicks_formatted": "1,873", "distance_formatted": "99m", "distance_miles": "0.062", "download": "439", "download_formatted": "439.00MB", "keys": "3333", "keys_formatted": "3,333", "ranks": {"rank_clicks": "0", "rank_clicks_formatted": "0th", "rank_distance": "0", "rank_distance_formatted": "0th", "rank_download": "0", "rank_download_formatted": "0th", "rank_keys": "0", "rank_keys_formatted": "0th", "rank_scrolls": "0", "rank_scrolls_formatted": "0th", "rank_upload": "0", "rank_upload_formatted": "0th", "rank_uptime": "0", "rank_uptime_formatted": "0th"}, "scrolls": "1628", "scrolls_formatted": "1,628", "upload": "317", "upload_formatted": "317.00MB", "uptime": "7846", "uptime_formatted": "2h, 10m"}
2026-03-20 01:37:20 - account.py:25 - INFO - Current keys: 3333, current clicks: 1873, rank in uptime: 0
2026-03-20 01:38:53 - account.py:10 - INFO - 开始请求 API
2026-03-20 01:38:53 - account.py:12 - INFO - API 请求成功
2026-03-20 01:38:53 - account.py:16 - INFO - API 响应数据: {"clicks": "1873", "clicks_formatted": "1,873", "distance_formatted": "99m", "distance_miles": "0.062", "download": "439", "download_formatted": "439.00MB", "keys": "3333", "keys_formatted": "3,333", "ranks": {"rank_clicks": "0", "rank_clicks_formatted": "0th", "rank_distance": "0", "rank_distance_formatted": "0th", "rank_download": "0", "rank_download_formatted": "0th", "rank_keys": "0", "rank_keys_formatted": "0th", "rank_scrolls": "0", "rank_scrolls_formatted": "0th", "rank_upload": "0", "rank_upload_formatted": "0th", "rank_uptime": "0", "rank_uptime_formatted": "0th"}, "scrolls": "1628", "scrolls_formatted": "1,628", "upload": "317", "upload_formatted": "317.00MB", "uptime": "7846", "uptime_formatted": "2h, 10m"}
2026-03-20 01:38:53 - account.py:25 - INFO - Current keys: 3333, current clicks: 1873, rank in uptime: 0
2026-03-20 01:38:55 - account.py:10 - INFO - 开始请求 API
2026-03-20 01:38:55 - account.py:12 - INFO - API 请求成功
2026-03-20 01:38:55 - account.py:16 - INFO - API 响应数据: {"clicks": "1873", "clicks_formatted": "1,873", "distance_formatted": "99m", "distance_miles": "0.062", "download": "439", "download_formatted": "439.00MB", "keys": "3333", "keys_formatted": "3,333", "ranks": {"rank_clicks": "0", "rank_clicks_formatted": "0th", "rank_distance": "0", "rank_distance_formatted": "0th", "rank_download": "0", "rank_download_formatted": "0th", "rank_keys": "0", "rank_keys_formatted": "0th", "rank_scrolls": "0", "rank_scrolls_formatted": "0th", "rank_upload": "0", "rank_upload_formatted": "0th", "rank_uptime": "0", "rank_uptime_formatted": "0th"}, "scrolls": "1628", "scrolls_formatted": "1,628", "upload": "317", "upload_formatted": "317.00MB", "uptime": "7846", "uptime_formatted": "2h, 10m"}
2026-03-20 01:38:55 - account.py:25 - INFO - Current keys: 3333, current clicks: 1873, rank in uptime: 0
2026-03-20 01:45:08 - account.py:10 - INFO - 开始请求 API
2026-03-20 01:45:08 - account.py:12 - INFO - API 请求成功
2026-03-20 01:45:08 - account.py:16 - INFO - API 响应数据: {"clicks": "1873", "clicks_formatted": "1,873", "distance_formatted": "99m", "distance_miles": "0.062", "download": "439", "download_formatted": "439.00MB", "keys": "3333", "keys_formatted": "3,333", "ranks": {"rank_clicks": "0", "rank_clicks_formatted": "0th", "rank_distance": "0", "rank_distance_formatted": "0th", "rank_download": "0", "rank_download_formatted": "0th", "rank_keys": "0", "rank_keys_formatted": "0th", "rank_scrolls": "0", "rank_scrolls_formatted": "0th", "rank_upload": "0", "rank_upload_formatted": "0th", "rank_uptime": "0", "rank_uptime_formatted": "0th"}, "scrolls": "1628", "scrolls_formatted": "1,628", "upload": "317", "upload_formatted": "317.00MB", "uptime": "7846", "uptime_formatted": "2h, 10m"}
2026-03-20 01:45:08 - account.py:25 - INFO - Current keys: 3333, current clicks: 1873, rank in uptime: 0
2026-03-20 01:45:47 - account.py:10 - INFO - 开始请求 API
2026-03-20 01:45:47 - account.py:12 - INFO - API 请求成功
2026-03-20 01:45:47 - account.py:16 - INFO - API 响应数据: {"clicks": "1873", "clicks_formatted": "1,873", "distance_formatted": "99m", "distance_miles": "0.062", "download": "439", "download_formatted": "439.00MB", "keys": "3333", "keys_formatted": "3,333", "ranks": {"rank_clicks": "0", "rank_clicks_formatted": "0th", "rank_distance": "0", "rank_distance_formatted": "0th", "rank_download": "0", "rank_download_formatted": "0th", "rank_keys": "0", "rank_keys_formatted": "0th", "rank_scrolls": "0", "rank_scrolls_formatted": "0th", "rank_upload": "0", "rank_upload_formatted": "0th", "rank_uptime": "0", "rank_uptime_formatted": "0th"}, "scrolls": "1628", "scrolls_formatted": "1,628", "upload": "317", "upload_formatted": "317.00MB", "uptime": "7846", "uptime_formatted": "2h, 10m"}
2026-03-20 01:45:47 - account.py:25 - INFO - Current keys: 3333, current clicks: 1873, rank in uptime: 0
2026-03-20 01:45:47 - account.py:30 - INFO - API 请求成功: {'msg': 'Default profile activated.'}
2026-03-20 01:45:47 - account.py:39 - INFO - API 请求用户信息成功: {'user': {'id': 1463498, 'username': 'wangsongwangsong417', 'date_joined': '2026-03-19T00:00:00.000000Z', 'first_pulse_date': '2026-03-19T16:30:54.000000Z', 'last_pulse_date': '2026-03-19T17:06:56.000000Z', 'pulses': 2, 'team_id': 0, 'team_is_manager': False, 'country_id': 74, 'is_premium': True, 'referrals': 0, 'last_referral_date': None, 'avatar': None, 'totals': {'keys': 3333, 'clicks': 1873, 'download_mb': 439, 'upload_mb': 317, 'uptime_seconds': 7846, 'scrolls': 1628, 'distance_miles': 0.062}, 'ranks': {'keys': 0, 'clicks': 0, 'download': 0, 'upload': 0, 'uptime': 0, 'scrolls': 0, 'distance': 0}, 'include_in_rankings': True, 'distance_system': None, 'last_pulse': {'date': '2026-03-19T17:06:56.000000Z', 'keys': 997, 'clicks': 516, 'download_mb': 61, 'upload_mb': 98, 'uptime_seconds': 2167, 'scrolls': 524, 'distance_miles': 0.062}, 'email': 'wangsongwangsong417@gmail.com', 'unsubscribe_token': '76fe540d49b6da748da80528099e0837', 'first_name': None, 'last_name': None, 'homepage': None, 'computer_count': 1}}
2026-03-20 01:45:47 - account.py:54 - ERROR - 发生未知错误: name 'http' is not defined
Traceback (most recent call last):
  File "/Users/wangsong/wangsong/github-project/ai/python/account.py", line 41, in <module>
    conn = http.client.HTTPSConnection("whatpulse.org")
NameError: name 'http' is not defined
2026-03-20 01:46:54 - account.py:11 - INFO - 开始请求 API
2026-03-20 01:46:54 - account.py:13 - INFO - API 请求成功
2026-03-20 01:46:54 - account.py:17 - INFO - API 响应数据: {"clicks": "1873", "clicks_formatted": "1,873", "distance_formatted": "99m", "distance_miles": "0.062", "download": "439", "download_formatted": "439.00MB", "keys": "3333", "keys_formatted": "3,333", "ranks": {"rank_clicks": "0", "rank_clicks_formatted": "0th", "rank_distance": "0", "rank_distance_formatted": "0th", "rank_download": "0", "rank_download_formatted": "0th", "rank_keys": "0", "rank_keys_formatted": "0th", "rank_scrolls": "0", "rank_scrolls_formatted": "0th", "rank_upload": "0", "rank_upload_formatted": "0th", "rank_uptime": "0", "rank_uptime_formatted": "0th"}, "scrolls": "1628", "scrolls_formatted": "1,628", "upload": "317", "upload_formatted": "317.00MB", "uptime": "7846", "uptime_formatted": "2h, 10m"}
2026-03-20 01:46:54 - account.py:26 - INFO - Current keys: 3333, current clicks: 1873, rank in uptime: 0
2026-03-20 01:46:54 - account.py:31 - INFO - API 请求成功: {'msg': 'Default profile activated.'}
2026-03-20 01:46:55 - account.py:40 - INFO - API 请求用户信息成功: {'user': {'id': 1463498, 'username': 'wangsongwangsong417', 'date_joined': '2026-03-19T00:00:00.000000Z', 'first_pulse_date': '2026-03-19T16:30:54.000000Z', 'last_pulse_date': '2026-03-19T17:06:56.000000Z', 'pulses': 2, 'team_id': 0, 'team_is_manager': False, 'country_id': 74, 'is_premium': True, 'referrals': 0, 'last_referral_date': None, 'avatar': None, 'totals': {'keys': 3333, 'clicks': 1873, 'download_mb': 439, 'upload_mb': 317, 'uptime_seconds': 7846, 'scrolls': 1628, 'distance_miles': 0.062}, 'ranks': {'keys': 0, 'clicks': 0, 'download': 0, 'upload': 0, 'uptime': 0, 'scrolls': 0, 'distance': 0}, 'include_in_rankings': True, 'distance_system': None, 'last_pulse': {'date': '2026-03-19T17:06:56.000000Z', 'keys': 997, 'clicks': 516, 'download_mb': 61, 'upload_mb': 98, 'uptime_seconds': 2167, 'scrolls': 524, 'distance_miles': 0.062}, 'email': 'wangsongwangsong417@gmail.com', 'unsubscribe_token': '76fe540d49b6da748da80528099e0837', 'first_name': None, 'last_name': None, 'homepage': None, 'computer_count': 1}}
2026-03-20 01:46:57 - account.py:48 - INFO - xxx
2026-03-20 01:47:09 - account.py:11 - INFO - 开始请求 API
2026-03-20 01:47:09 - account.py:13 - INFO - API 请求成功
2026-03-20 01:47:09 - account.py:17 - INFO - API 响应数据: {"clicks": "1873", "clicks_formatted": "1,873", "distance_formatted": "99m", "distance_miles": "0.062", "download": "439", "download_formatted": "439.00MB", "keys": "3333", "keys_formatted": "3,333", "ranks": {"rank_clicks": "0", "rank_clicks_formatted": "0th", "rank_distance": "0", "rank_distance_formatted": "0th", "rank_download": "0", "rank_download_formatted": "0th", "rank_keys": "0", "rank_keys_formatted": "0th", "rank_scrolls": "0", "rank_scrolls_formatted": "0th", "rank_upload": "0", "rank_upload_formatted": "0th", "rank_uptime": "0", "rank_uptime_formatted": "0th"}, "scrolls": "1628", "scrolls_formatted": "1,628", "upload": "317", "upload_formatted": "317.00MB", "uptime": "7846", "uptime_formatted": "2h, 10m"}
2026-03-20 01:47:09 - account.py:26 - INFO - Current keys: 3333, current clicks: 1873, rank in uptime: 0
2026-03-20 01:47:09 - account.py:31 - INFO - API 请求成功: {'msg': 'Default profile activated.'}
2026-03-20 01:47:10 - account.py:40 - INFO - API 请求用户信息成功: {'user': {'id': 1463498, 'username': 'wangsongwangsong417', 'date_joined': '2026-03-19T00:00:00.000000Z', 'first_pulse_date': '2026-03-19T16:30:54.000000Z', 'last_pulse_date': '2026-03-19T17:06:56.000000Z', 'pulses': 2, 'team_id': 0, 'team_is_manager': False, 'country_id': 74, 'is_premium': True, 'referrals': 0, 'last_referral_date': None, 'avatar': None, 'totals': {'keys': 3333, 'clicks': 1873, 'download_mb': 439, 'upload_mb': 317, 'uptime_seconds': 7846, 'scrolls': 1628, 'distance_miles': 0.062}, 'ranks': {'keys': 0, 'clicks': 0, 'download': 0, 'upload': 0, 'uptime': 0, 'scrolls': 0, 'distance': 0}, 'include_in_rankings': True, 'distance_system': None, 'last_pulse': {'date': '2026-03-19T17:06:56.000000Z', 'keys': 997, 'clicks': 516, 'download_mb': 61, 'upload_mb': 98, 'uptime_seconds': 2167, 'scrolls': 524, 'distance_miles': 0.062}, 'email': 'wangsongwangsong417@gmail.com', 'unsubscribe_token': '76fe540d49b6da748da80528099e0837', 'first_name': None, 'last_name': None, 'homepage': None, 'computer_count': 1}}
2026-03-20 01:47:11 - account.py:48 - INFO - xxx
2026-03-20 01:49:32 - whatpulse_api.py:19 - INFO - 开始请求 API
2026-03-20 01:49:32 - whatpulse_api.py:21 - INFO - API 请求成功
2026-03-20 01:49:32 - whatpulse_api.py:25 - INFO - API 响应数据: {"clicks": "1873", "clicks_formatted": "1,873", "distance_formatted": "99m", "distance_miles": "0.062", "download": "439", "download_formatted": "439.00MB", "keys": "3333", "keys_formatted": "3,333", "ranks": {"rank_clicks": "0", "rank_clicks_formatted": "0th", "rank_distance": "0", "rank_distance_formatted": "0th", "rank_download": "0", "rank_download_formatted": "0th", "rank_keys": "0", "rank_keys_formatted": "0th", "rank_scrolls": "0", "rank_scrolls_formatted": "0th", "rank_upload": "0", "rank_upload_formatted": "0th", "rank_uptime": "0", "rank_uptime_formatted": "0th"}, "scrolls": "1628", "scrolls_formatted": "1,628", "upload": "317", "upload_formatted": "317.00MB", "uptime": "7846", "uptime_formatted": "2h, 10m"}
2026-03-20 01:49:32 - whatpulse_api.py:32 - INFO - Current keys: 3333, current clicks: 1873, rank in uptime: 0
2026-03-20 01:49:32 - whatpulse_api.py:36 - INFO - API 请求成功: {'msg': 'Default profile activated.'}
2026-03-20 01:49:33 - whatpulse_api.py:54 - ERROR - API 请求失败: HTTPSConnectionPool(host='whatpulse.org', port=443): Max retries exceeded with url: /api/v1/users/wangsongwangsong417 (Caused by ProxyError('Cannot connect to proxy.', OSError('Tunnel connection failed: 403 Forbidden')))
2026-03-20 01:50:08 - whatpulse_api.py:19 - INFO - 开始请求 API
2026-03-20 01:50:08 - whatpulse_api.py:21 - INFO - API 请求成功
2026-03-20 01:50:08 - whatpulse_api.py:25 - INFO - API 响应数据: {"clicks": "1873", "clicks_formatted": "1,873", "distance_formatted": "99m", "distance_miles": "0.062", "download": "439", "download_formatted": "439.00MB", "keys": "3333", "keys_formatted": "3,333", "ranks": {"rank_clicks": "0", "rank_clicks_formatted": "0th", "rank_distance": "0", "rank_distance_formatted": "0th", "rank_download": "0", "rank_download_formatted": "0th", "rank_keys": "0", "rank_keys_formatted": "0th", "rank_scrolls": "0", "rank_scrolls_formatted": "0th", "rank_upload": "0", "rank_upload_formatted": "0th", "rank_uptime": "0", "rank_uptime_formatted": "0th"}, "scrolls": "1628", "scrolls_formatted": "1,628", "upload": "317", "upload_formatted": "317.00MB", "uptime": "7846", "uptime_formatted": "2h, 10m"}
2026-03-20 01:50:08 - whatpulse_api.py:32 - INFO - Current keys: 3333, current clicks: 1873, rank in uptime: 0
2026-03-20 01:50:08 - whatpulse_api.py:36 - INFO - API 请求成功: {'msg': 'Default profile activated.'}
2026-03-20 01:50:08 - whatpulse_api.py:44 - INFO - API 请求用户信息成功: {'user': {'id': 1463498, 'username': 'wangsongwangsong417', 'date_joined': '2026-03-19T00:00:00.000000Z', 'first_pulse_date': '2026-03-19T16:30:54.000000Z', 'last_pulse_date': '2026-03-19T17:06:56.000000Z', 'pulses': 2, 'team_id': 0, 'team_is_manager': False, 'country_id': 74, 'is_premium': True, 'referrals': 0, 'last_referral_date': None, 'avatar': None, 'totals': {'keys': 3333, 'clicks': 1873, 'download_mb': 439, 'upload_mb': 317, 'uptime_seconds': 7846, 'scrolls': 1628, 'distance_miles': 0.062}, 'ranks': {'keys': 0, 'clicks': 0, 'download': 0, 'upload': 0, 'uptime': 0, 'scrolls': 0, 'distance': 0}, 'include_in_rankings': True, 'distance_system': None, 'last_pulse': {'date': '2026-03-19T17:06:56.000000Z', 'keys': 997, 'clicks': 516, 'download_mb': 61, 'upload_mb': 98, 'uptime_seconds': 2167, 'scrolls': 524, 'distance_miles': 0.062}, 'email': 'wangsongwangsong417@gmail.com', 'unsubscribe_token': '76fe540d49b6da748da80528099e0837', 'first_name': None, 'last_name': None, 'homepage': None, 'computer_count': 1}}
2026-03-20 01:50:09 - whatpulse_api.py:51 - INFO - xxx
2026-03-20 01:51:59 - whatpulse_api.py:11 - INFO - 开始请求 API
2026-03-20 01:51:59 - whatpulse_api.py:13 - INFO - API 请求成功
2026-03-20 01:51:59 - whatpulse_api.py:17 - INFO - API 响应数据: {"clicks": "1873", "clicks_formatted": "1,873", "distance_formatted": "99m", "distance_miles": "0.062", "download": "439", "download_formatted": "439.00MB", "keys": "3333", "keys_formatted": "3,333", "ranks": {"rank_clicks": "0", "rank_clicks_formatted": "0th", "rank_distance": "0", "rank_distance_formatted": "0th", "rank_download": "0", "rank_download_formatted": "0th", "rank_keys": "0", "rank_keys_formatted": "0th", "rank_scrolls": "0", "rank_scrolls_formatted": "0th", "rank_upload": "0", "rank_upload_formatted": "0th", "rank_uptime": "0", "rank_uptime_formatted": "0th"}, "scrolls": "1628", "scrolls_formatted": "1,628", "upload": "317", "upload_formatted": "317.00MB", "uptime": "7846", "uptime_formatted": "2h, 10m"}
2026-03-20 01:51:59 - whatpulse_api.py:24 - INFO - Current keys: 3333, current clicks: 1873, rank in uptime: 0
2026-03-20 01:51:59 - whatpulse_api.py:28 - INFO - API 请求成功: {'msg': 'Default profile activated.'}
2026-03-20 01:52:00 - whatpulse_api.py:36 - INFO - API 请求用户信息成功: {'user': {'id': 1463498, 'username': 'wangsongwangsong417', 'date_joined': '2026-03-19T00:00:00.000000Z', 'first_pulse_date': '2026-03-19T16:30:54.000000Z', 'last_pulse_date': '2026-03-19T17:06:56.000000Z', 'pulses': 2, 'team_id': 0, 'team_is_manager': False, 'country_id': 74, 'is_premium': True, 'referrals': 0, 'last_referral_date': None, 'avatar': None, 'totals': {'keys': 3333, 'clicks': 1873, 'download_mb': 439, 'upload_mb': 317, 'uptime_seconds': 7846, 'scrolls': 1628, 'distance_miles': 0.062}, 'ranks': {'keys': 0, 'clicks': 0, 'download': 0, 'upload': 0, 'uptime': 0, 'scrolls': 0, 'distance': 0}, 'include_in_rankings': True, 'distance_system': None, 'last_pulse': {'date': '2026-03-19T17:06:56.000000Z', 'keys': 997, 'clicks': 516, 'download_mb': 61, 'upload_mb': 98, 'uptime_seconds': 2167, 'scrolls': 524, 'distance_miles': 0.062}, 'email': 'wangsongwangsong417@gmail.com', 'unsubscribe_token': '76fe540d49b6da748da80528099e0837', 'first_name': None, 'last_name': None, 'homepage': None, 'computer_count': 1}}
2026-03-20 01:52:02 - whatpulse_api.py:43 - INFO - xxx
2026-03-20 01:54:25 - whatpulse_api.py:22 - INFO - 开始请求 API
2026-03-20 01:54:25 - whatpulse_api.py:26 - INFO - API 请求成功
2026-03-20 01:54:25 - whatpulse_api.py:29 - INFO - API 响应数据: {"clicks": "1873", "clicks_formatted": "1,873", "distance_formatted": "99m", "distance_miles": "0.062", "download": "439", "download_formatted": "439.00MB", "keys": "3333", "keys_formatted": "3,333", "ranks": {"rank_clicks": "0", "rank_clicks_formatted": "0th", "rank_distance": "0", "rank_distance_formatted": "0th", "rank_download": "0", "rank_download_formatted": "0th", "rank_keys": "0", "rank_keys_formatted": "0th", "rank_scrolls": "0", "rank_scrolls_formatted": "0th", "rank_upload": "0", "rank_upload_formatted": "0th", "rank_uptime": "0", "rank_uptime_formatted": "0th"}, "scrolls": "1628", "scrolls_formatted": "1,628", "upload": "317", "upload_formatted": "317.00MB", "uptime": "7846", "uptime_formatted": "2h, 10m"}
2026-03-20 01:54:25 - whatpulse_api.py:36 - INFO - Current keys: 3333, current clicks: 1873, rank in uptime: 0
2026-03-20 01:54:25 - whatpulse_api.py:40 - INFO - API 请求成功: {'msg': 'Default profile activated.'}
2026-03-20 01:54:25 - whatpulse_api.py:62 - ERROR - API 请求失败: HTTPSConnectionPool(host='whatpulse.org', port=443): Max retries exceeded with url: /api/v1/users/wangsongwangsong417 (Caused by ProxyError('Cannot connect to proxy.', OSError('Tunnel connection failed: 403 Forbidden')))
2026-03-20 01:55:12 - whatpulse_api.py:11 - INFO - 开始请求 API
2026-03-20 01:55:12 - whatpulse_api.py:13 - INFO - API 请求成功
2026-03-20 01:55:12 - whatpulse_api.py:17 - INFO - API 响应数据: {"clicks": "1873", "clicks_formatted": "1,873", "distance_formatted": "99m", "distance_miles": "0.062", "download": "439", "download_formatted": "439.00MB", "keys": "3333", "keys_formatted": "3,333", "ranks": {"rank_clicks": "0", "rank_clicks_formatted": "0th", "rank_distance": "0", "rank_distance_formatted": "0th", "rank_download": "0", "rank_download_formatted": "0th", "rank_keys": "0", "rank_keys_formatted": "0th", "rank_scrolls": "0", "rank_scrolls_formatted": "0th", "rank_upload": "0", "rank_upload_formatted": "0th", "rank_uptime": "0", "rank_uptime_formatted": "0th"}, "scrolls": "1628", "scrolls_formatted": "1,628", "upload": "317", "upload_formatted": "317.00MB", "uptime": "7846", "uptime_formatted": "2h, 10m"}
2026-03-20 01:55:12 - whatpulse_api.py:24 - INFO - Current keys: 3333, current clicks: 1873, rank in uptime: 0
2026-03-20 01:55:12 - whatpulse_api.py:28 - INFO - API 请求成功: {'msg': 'Default profile activated.'}
2026-03-20 01:55:12 - whatpulse_api.py:36 - INFO - API 请求用户信息成功: {'user': {'id': 1463498, 'username': 'wangsongwangsong417', 'date_joined': '2026-03-19T00:00:00.000000Z', 'first_pulse_date': '2026-03-19T16:30:54.000000Z', 'last_pulse_date': '2026-03-19T17:06:56.000000Z', 'pulses': 2, 'team_id': 0, 'team_is_manager': False, 'country_id': 74, 'is_premium': True, 'referrals': 0, 'last_referral_date': None, 'avatar': None, 'totals': {'keys': 3333, 'clicks': 1873, 'download_mb': 439, 'upload_mb': 317, 'uptime_seconds': 7846, 'scrolls': 1628, 'distance_miles': 0.062}, 'ranks': {'keys': 0, 'clicks': 0, 'download': 0, 'upload': 0, 'uptime': 0, 'scrolls': 0, 'distance': 0}, 'include_in_rankings': True, 'distance_system': None, 'last_pulse': {'date': '2026-03-19T17:06:56.000000Z', 'keys': 997, 'clicks': 516, 'download_mb': 61, 'upload_mb': 98, 'uptime_seconds': 2167, 'scrolls': 524, 'distance_miles': 0.062}, 'email': 'wangsongwangsong417@gmail.com', 'unsubscribe_token': '76fe540d49b6da748da80528099e0837', 'first_name': None, 'last_name': None, 'homepage': None, 'computer_count': 1}}
2026-03-20 01:55:13 - whatpulse_api.py:43 - INFO - xxx
